<?xml version="1.0" encoding="utf-8"?><testsuites><testsuite name="pytest" errors="0" failures="0" skipped="0" tests="3" time="0.024" timestamp="2022-10-10T11:55:19.003523" hostname="Alejandros-Money-Tree.local"><testcase classname="tests.test_nevi.TestCalc" name="test_div_with_two_numbers" time="0.000" /><testcase classname="tests.test_nevi.TestCalc" name="test_div_with_zero" time="0.000" /><testcase classname="tests.test_nevi.TestCalc" name="test_my_first_test" time="0.000" /></testsuite></testsuites>